<?xml version="1.0" encoding="UTF-8"?>
<!-- Generated by org.testng.reporters.JUnitReportReporter -->
<testsuite hostname="asda1716po02925" name="Training.project.joinee.Joinee.ConvertDollarToRupeeTest" tests="1" failures="0" timestamp="21 Jun 2017 07:05:11 GMT" time="1.250" errors="0">
  <testcase name="f" time="1.250" classname="Training.project.joinee.Joinee.ConvertDollarToRupeeTest"/>
</testsuite> <!-- Training.project.joinee.Joinee.ConvertDollarToRupeeTest -->
