<?xml version="1.0" encoding="UTF-8"?>
<!-- Generated by org.testng.reporters.JUnitReportReporter -->
<testsuite hostname="asda1716po02925" name="Training.project.joinee.Joinee.AppTest" tests="1" failures="0" timestamp="21 Jun 2017 07:05:11 GMT" time="0.001" errors="0">
  <testcase name="testApp" time="0.001" classname="Training.project.joinee.Joinee.AppTest"/>
</testsuite> <!-- Training.project.joinee.Joinee.AppTest -->
